<?xml version="1.0" encoding="UTF-8"?>
<!-- Generated by org.testng.reporters.JUnitXMLReporter -->
<testsuite ignored="0" hostname="DESKTOP-0T3LLVM" failures="0" tests="3" name="TestNGFramework" time="17.879" errors="0" timestamp="2023-02-26T20:43:43 EST">
  <testcase classname="com.exelenter.testcases.LoginTest" name="validAdminLogin" time="1.291"/>
  <testcase classname="com.exelenter.testcases.LoginTest" name="validUserAnEmptyPassword" time="0.276"/>
  <testcase classname="com.exelenter.testcases.LoginTest" name="validUserInvalidPassword" time="0.987"/>
</testsuite> <!-- TestNGFramework -->
