<?xml version="1.0" encoding="UTF-8"?>
<!-- Generated by org.testng.reporters.JUnitXMLReporter -->
<testsuite ignored="3" hostname="DESKTOP-0T3LLVM" failures="0" tests="1" name="TestNGFramework" time="8.975" errors="0" timestamp="2023-03-20T21:30:39 EDT">
  <testcase classname="com.exelenter.testcases.LoginTest" name="print" time="0.001"/>
  <testcase classname="com.exelenter.testcases.LoginTest" name="validAdminLogin" time="0.0">
    <ignored/>
  </testcase> <!-- validAdminLogin -->
  <testcase classname="com.exelenter.testcases.LoginTest" name="validUserInvalidPassword" time="0.0">
    <ignored/>
  </testcase> <!-- validUserInvalidPassword -->
  <testcase classname="com.exelenter.testcases.LoginTest" name="validUserAnEmptyPassword" time="0.0">
    <ignored/>
  </testcase> <!-- validUserAnEmptyPassword -->
</testsuite> <!-- TestNGFramework -->
