<?xml version="1.0" encoding="UTF-8"?>
<!-- Generated by org.testng.reporters.JUnitXMLReporter -->
<testsuite ignored="3" hostname="DESKTOP-0T3LLVM" failures="0" tests="4" name="Smoke Test" time="32.723" errors="0" timestamp="2023-03-18T15:34:15 EDT">
  <testcase classname="com.exelenter.testcases.AddEmployeeTest" name="addEmployeeTest" time="5.385"/>
  <testcase classname="com.exelenter.testcases.LoginTest" name="validAdminLogin" time="1.44"/>
  <testcase classname="com.exelenter.testcases.LoginTest" name="validUserAnEmptyPassword" time="0.318"/>
  <testcase classname="com.exelenter.testcases.LoginTest" name="validUserInvalidPassword" time="1.03"/>
  <testcase classname="com.exelenter.testcases.SampleTesting" name="printHi" time="0.0">
    <ignored/>
  </testcase> <!-- printHi -->
  <testcase classname="com.exelenter.testcases.AddEmployeeFromExcel" name="addEmployeeTest" time="0.0">
    <ignored/>
  </testcase> <!-- addEmployeeTest -->
  <testcase classname="com.exelenter.testcases.LoginTestNegative" name="userLogin" time="0.0">
    <ignored/>
  </testcase> <!-- userLogin -->
</testsuite> <!-- Smoke Test -->
