<?xml version="1.0" encoding="UTF-8"?>
<!-- Generated by org.testng.reporters.JUnitXMLReporter -->
<testsuite ignored="2" hostname="DESKTOP-0T3LLVM" failures="0" tests="4" name="Smoke Test" time="22.019" errors="0" timestamp="2023-02-27T22:19:06 EST">
  <testcase classname="com.exelenter.testcases.AddEmployeeTest" name="addEmployeeTest" time="3.577"/>
  <testcase classname="com.exelenter.testcases.LoginTest" name="validAdminLogin" time="1.313"/>
  <testcase classname="com.exelenter.testcases.LoginTest" name="validUserAnEmptyPassword" time="0.287"/>
  <testcase classname="com.exelenter.testcases.LoginTest" name="validUserInvalidPassword" time="0.96"/>
  <testcase classname="com.exelenter.testcases.AddEmployeeFromExcel" name="addEmployeeTest" time="0.0">
    <ignored/>
  </testcase> <!-- addEmployeeTest -->
  <testcase classname="com.exelenter.testcases.LoginTestNegative" name="userLogin" time="0.0">
    <ignored/>
  </testcase> <!-- userLogin -->
</testsuite> <!-- Smoke Test -->
