<?xml version="1.0" encoding="UTF-8"?>
<testng-results ignored="2" total="6" passed="4" failed="0" skipped="0">
  <reporter-output>
  </reporter-output>
  <suite started-at="2023-02-27T22:18:44 EST" name="Smoke Test Suite" finished-at="2023-02-27T22:19:06 EST" duration-ms="22019">
    <groups>
      <group name="regression">
        <method signature="AddEmployeeTest.addEmployeeTest()[pri:0, instance:com.exelenter.testcases.AddEmployeeTest@34a3d150]" name="addEmployeeTest" class="com.exelenter.testcases.AddEmployeeTest"/>
      </group> <!-- regression -->
      <group name="smoke">
        <method signature="LoginTest.validAdminLogin()[pri:0, instance:com.exelenter.testcases.LoginTest@6f1de4c7]" name="validAdminLogin" class="com.exelenter.testcases.LoginTest"/>
        <method signature="LoginTest.validUserAnEmptyPassword()[pri:0, instance:com.exelenter.testcases.LoginTest@6f1de4c7]" name="validUserAnEmptyPassword" class="com.exelenter.testcases.LoginTest"/>
        <method signature="LoginTest.validUserInvalidPassword()[pri:0, instance:com.exelenter.testcases.LoginTest@6f1de4c7]" name="validUserInvalidPassword" class="com.exelenter.testcases.LoginTest"/>
        <method signature="AddEmployeeTest.addEmployeeTest()[pri:0, instance:com.exelenter.testcases.AddEmployeeTest@34a3d150]" name="addEmployeeTest" class="com.exelenter.testcases.AddEmployeeTest"/>
      </group> <!-- smoke -->
    </groups>
    <test started-at="2023-02-27T22:18:44 EST" name="Smoke Test" finished-at="2023-02-27T22:19:06 EST" duration-ms="22019">
      <class name="com.exelenter.testcases.AddEmployeeTest">
        <test-method is-config="true" signature="setUp()[pri:0, instance:com.exelenter.testcases.AddEmployeeTest@34a3d150]" started-at="2023-02-27T22:18:44 EST" name="setUp" finished-at="2023-02-27T22:18:47 EST" duration-ms="2661" status="PASS">
          <reporter-output>
          </reporter-output>
        </test-method> <!-- setUp -->
        <test-method signature="addEmployeeTest()[pri:0, instance:com.exelenter.testcases.AddEmployeeTest@34a3d150]" started-at="2023-02-27T22:18:47 EST" name="addEmployeeTest" finished-at="2023-02-27T22:18:51 EST" duration-ms="3577" status="PASS">
          <reporter-output>
          </reporter-output>
        </test-method> <!-- addEmployeeTest -->
        <test-method is-config="true" signature="tearDown()[pri:0, instance:com.exelenter.testcases.AddEmployeeTest@34a3d150]" started-at="2023-02-27T22:18:51 EST" name="tearDown" finished-at="2023-02-27T22:18:53 EST" duration-ms="2184" status="PASS">
          <reporter-output>
          </reporter-output>
        </test-method> <!-- tearDown -->
      </class> <!-- com.exelenter.testcases.AddEmployeeTest -->
      <class name="com.exelenter.testcases.LoginTest">
        <test-method is-config="true" signature="setUp()[pri:0, instance:com.exelenter.testcases.LoginTest@6f1de4c7]" started-at="2023-02-27T22:18:53 EST" name="setUp" finished-at="2023-02-27T22:18:54 EST" duration-ms="1412" status="PASS">
          <reporter-output>
          </reporter-output>
        </test-method> <!-- setUp -->
        <test-method signature="validAdminLogin()[pri:0, instance:com.exelenter.testcases.LoginTest@6f1de4c7]" started-at="2023-02-27T22:18:54 EST" name="validAdminLogin" finished-at="2023-02-27T22:18:55 EST" duration-ms="1313" status="PASS">
          <reporter-output>
          </reporter-output>
        </test-method> <!-- validAdminLogin -->
        <test-method is-config="true" signature="tearDown()[pri:0, instance:com.exelenter.testcases.LoginTest@6f1de4c7]" started-at="2023-02-27T22:18:55 EST" name="tearDown" finished-at="2023-02-27T22:18:58 EST" duration-ms="2193" status="PASS">
          <reporter-output>
          </reporter-output>
        </test-method> <!-- tearDown -->
        <test-method is-config="true" signature="setUp()[pri:0, instance:com.exelenter.testcases.LoginTest@6f1de4c7]" started-at="2023-02-27T22:18:58 EST" name="setUp" finished-at="2023-02-27T22:18:59 EST" duration-ms="1389" status="PASS">
          <reporter-output>
          </reporter-output>
        </test-method> <!-- setUp -->
        <test-method signature="validUserAnEmptyPassword()[pri:0, instance:com.exelenter.testcases.LoginTest@6f1de4c7]" started-at="2023-02-27T22:18:59 EST" name="validUserAnEmptyPassword" finished-at="2023-02-27T22:18:59 EST" duration-ms="287" status="PASS">
          <reporter-output>
          </reporter-output>
        </test-method> <!-- validUserAnEmptyPassword -->
        <test-method is-config="true" signature="tearDown()[pri:0, instance:com.exelenter.testcases.LoginTest@6f1de4c7]" started-at="2023-02-27T22:18:59 EST" name="tearDown" finished-at="2023-02-27T22:19:02 EST" duration-ms="2176" status="PASS">
          <reporter-output>
          </reporter-output>
        </test-method> <!-- tearDown -->
        <test-method is-config="true" signature="setUp()[pri:0, instance:com.exelenter.testcases.LoginTest@6f1de4c7]" started-at="2023-02-27T22:19:02 EST" name="setUp" finished-at="2023-02-27T22:19:03 EST" duration-ms="1390" status="PASS">
          <reporter-output>
          </reporter-output>
        </test-method> <!-- setUp -->
        <test-method signature="validUserInvalidPassword()[pri:0, instance:com.exelenter.testcases.LoginTest@6f1de4c7]" started-at="2023-02-27T22:19:03 EST" name="validUserInvalidPassword" finished-at="2023-02-27T22:19:04 EST" depends-on-methods="com.exelenter.testcases.LoginTest.validUserAnEmptyPassword" duration-ms="960" status="PASS">
          <reporter-output>
          </reporter-output>
        </test-method> <!-- validUserInvalidPassword -->
        <test-method is-config="true" signature="tearDown()[pri:0, instance:com.exelenter.testcases.LoginTest@6f1de4c7]" started-at="2023-02-27T22:19:04 EST" name="tearDown" finished-at="2023-02-27T22:19:06 EST" duration-ms="2153" status="PASS">
          <reporter-output>
          </reporter-output>
        </test-method> <!-- tearDown -->
      </class> <!-- com.exelenter.testcases.LoginTest -->
    </test> <!-- Smoke Test -->
  </suite> <!-- Smoke Test Suite -->
</testng-results>
