<?xml version="1.0" encoding="UTF-8"?>
<testng-results ignored="0" total="3" passed="3" failed="0" skipped="0">
  <reporter-output>
  </reporter-output>
  <suite started-at="2023-02-26T20:43:25 EST" name="Default Suite" finished-at="2023-02-26T20:43:43 EST" duration-ms="17879">
    <groups>
      <group name="smoke">
        <method signature="LoginTest.validAdminLogin()[pri:0, instance:com.exelenter.testcases.LoginTest@7219ec67]" name="validAdminLogin" class="com.exelenter.testcases.LoginTest"/>
        <method signature="LoginTest.validUserAnEmptyPassword()[pri:0, instance:com.exelenter.testcases.LoginTest@7219ec67]" name="validUserAnEmptyPassword" class="com.exelenter.testcases.LoginTest"/>
        <method signature="LoginTest.validUserInvalidPassword()[pri:0, instance:com.exelenter.testcases.LoginTest@7219ec67]" name="validUserInvalidPassword" class="com.exelenter.testcases.LoginTest"/>
      </group> <!-- smoke -->
    </groups>
    <test started-at="2023-02-26T20:43:25 EST" name="TestNGFramework" finished-at="2023-02-26T20:43:43 EST" duration-ms="17879">
      <class name="com.exelenter.testcases.LoginTest">
        <test-method is-config="true" signature="setUp()[pri:0, instance:com.exelenter.testcases.LoginTest@7219ec67]" started-at="2023-02-26T20:43:25 EST" name="setUp" finished-at="2023-02-26T20:43:31 EST" duration-ms="6074" status="PASS">
          <reporter-output>
          </reporter-output>
        </test-method> <!-- setUp -->
        <test-method signature="validAdminLogin()[pri:0, instance:com.exelenter.testcases.LoginTest@7219ec67]" started-at="2023-02-26T20:43:31 EST" name="validAdminLogin" finished-at="2023-02-26T20:43:33 EST" duration-ms="1291" status="PASS">
          <reporter-output>
          </reporter-output>
        </test-method> <!-- validAdminLogin -->
        <test-method is-config="true" signature="tearDown()[pri:0, instance:com.exelenter.testcases.LoginTest@7219ec67]" started-at="2023-02-26T20:43:33 EST" name="tearDown" finished-at="2023-02-26T20:43:35 EST" duration-ms="2087" status="PASS">
          <reporter-output>
          </reporter-output>
        </test-method> <!-- tearDown -->
        <test-method is-config="true" signature="setUp()[pri:0, instance:com.exelenter.testcases.LoginTest@7219ec67]" started-at="2023-02-26T20:43:35 EST" name="setUp" finished-at="2023-02-26T20:43:36 EST" duration-ms="1367" status="PASS">
          <reporter-output>
          </reporter-output>
        </test-method> <!-- setUp -->
        <test-method signature="validUserAnEmptyPassword()[pri:0, instance:com.exelenter.testcases.LoginTest@7219ec67]" started-at="2023-02-26T20:43:36 EST" name="validUserAnEmptyPassword" finished-at="2023-02-26T20:43:37 EST" duration-ms="276" status="PASS">
          <reporter-output>
          </reporter-output>
        </test-method> <!-- validUserAnEmptyPassword -->
        <test-method is-config="true" signature="tearDown()[pri:0, instance:com.exelenter.testcases.LoginTest@7219ec67]" started-at="2023-02-26T20:43:37 EST" name="tearDown" finished-at="2023-02-26T20:43:39 EST" duration-ms="2133" status="PASS">
          <reporter-output>
          </reporter-output>
        </test-method> <!-- tearDown -->
        <test-method is-config="true" signature="setUp()[pri:0, instance:com.exelenter.testcases.LoginTest@7219ec67]" started-at="2023-02-26T20:43:39 EST" name="setUp" finished-at="2023-02-26T20:43:40 EST" duration-ms="1480" status="PASS">
          <reporter-output>
          </reporter-output>
        </test-method> <!-- setUp -->
        <test-method signature="validUserInvalidPassword()[pri:0, instance:com.exelenter.testcases.LoginTest@7219ec67]" started-at="2023-02-26T20:43:40 EST" name="validUserInvalidPassword" finished-at="2023-02-26T20:43:41 EST" depends-on-methods="com.exelenter.testcases.LoginTest.validUserAnEmptyPassword" duration-ms="987" status="PASS">
          <reporter-output>
          </reporter-output>
        </test-method> <!-- validUserInvalidPassword -->
        <test-method is-config="true" signature="tearDown()[pri:0, instance:com.exelenter.testcases.LoginTest@7219ec67]" started-at="2023-02-26T20:43:41 EST" name="tearDown" finished-at="2023-02-26T20:43:43 EST" duration-ms="2117" status="PASS">
          <reporter-output>
          </reporter-output>
        </test-method> <!-- tearDown -->
      </class> <!-- com.exelenter.testcases.LoginTest -->
    </test> <!-- TestNGFramework -->
  </suite> <!-- Default Suite -->
</testng-results>
