<?xml version="1.0" encoding="UTF-8"?>
<testng-results ignored="0" total="1" passed="1" failed="0" skipped="0">
  <reporter-output>
  </reporter-output>
  <suite started-at="2023-03-01T23:24:57 EST" name="Default Suite" finished-at="2023-03-01T23:24:57 EST" duration-ms="56">
    <groups>
    </groups>
    <test started-at="2023-03-01T23:24:57 EST" name="TestNGFramework" finished-at="2023-03-01T23:24:57 EST" duration-ms="56">
      <class name="com.exelenter.testcases.SampleTesting">
        <test-method signature="printHi()[pri:0, instance:com.exelenter.testcases.SampleTesting@7a52f2a2]" started-at="2023-03-01T23:24:57 EST" name="printHi" finished-at="2023-03-01T23:24:57 EST" duration-ms="8" status="PASS">
          <reporter-output>
          </reporter-output>
        </test-method> <!-- printHi -->
      </class> <!-- com.exelenter.testcases.SampleTesting -->
    </test> <!-- TestNGFramework -->
  </suite> <!-- Default Suite -->
</testng-results>
